2025-04-09 18:47:36.414 [info] Reading in configuration from: /home/sairam/ATLASGRIDV2/ATLAS-GRID-SIMULATION/config-files/config.json
2025-04-09 18:47:36.423 [info] Adding Site: NET2_Amherst with CPUs: 112
2025-04-09 18:47:36.713 [info] SimGrid plugins initialized (if any)
2025-04-09 18:47:36.713 [info] Initializing SimGrid Platform with selected Sites...
2025-04-09 18:47:36.715 [info] Created JOB-SERVER site and host
2025-04-09 18:47:36.715 [info] Initalizing Job Executor .....
2025-04-09 18:47:36.715 [info] Output path set to: /home/sairam/ATLASGRIDV2/ATLAS-GRID-SIMULATION/output/NET2_jobs_output_jan_8_9_11.db
2025-04-09 18:47:36.721 [info] Initialized SQLite database: /home/sairam/ATLASGRIDV2/ATLAS-GRID-SIMULATION/output/NET2_jobs_output_jan_8_9_11.db
2025-04-09 18:47:36.726 [info] JOBS table created successfully.
2025-04-09 18:47:36.728 [info] Created the dispatcher
2025-04-09 18:47:36.729 [info] Time to fetch hosts: 0 ms
2025-04-09 18:47:36.732 [info] Finished creating receivers in: 2 ms
2025-04-09 18:47:36.732 [info] Total receiver setup time: 2 ms
2025-04-09 18:47:36.732 [warning] [/home/sairam/ATLASGRIDV2/ATLAS-GRID-SIMULATION/util/parser.cpp:810 getJobs] Skipping invalid row: 329,329,6461185434,2024-12-31 04:00:52,2024-12-31 04:05:01,2024-12-31 04:06:13,,0,2000,finished,user.lwickrem.v21_fullTT_wSys_new_v2.R_0L_d_SimpleMerge400_G_G.Wtaunu_Sh2211_METfilt/,20,NET2_Amherst,1.0,72.0,249.0,0.2777777777777778,panda.1231040052.71816.lib._42751581,NET2_Amherst/MCORE,,,1,,,1,376553227,0,0,0,0,0,0|0|30|40|0|4
2025-04-09 18:47:36.732 [warning] [/home/sairam/ATLASGRIDV2/ATLAS-GRID-SIMULATION/util/parser.cpp:811 getJobs] Reason: stoi
2025-04-09 18:47:36.732 [warning] [/home/sairam/ATLASGRIDV2/ATLAS-GRID-SIMULATION/util/parser.cpp:810 getJobs] Skipping invalid row: 812,812,6461224624,2024-12-31 04:58:22,2024-12-31 04:59:56,2024-12-31 05:01:11,,0,2000,finished,user.lwickrem.v21_fullTT_wSys_new_v2.R_0L_a_Resolved_G_D.WtaunuB_Sh2211/,22,NET2_Amherst,1.0,75.0,94.0,0.2933333333333333,panda.1231045821.32947.lib._42750793,NET2_Amherst/MCORE_LOMEM,,,1,,,1,376550110,0,0,0,0,0,0|0|34|41|0|4
2025-04-09 18:47:36.732 [warning] [/home/sairam/ATLASGRIDV2/ATLAS-GRID-SIMULATION/util/parser.cpp:811 getJobs] Reason: stoi
2025-04-09 18:47:36.732 [warning] [/home/sairam/ATLASGRIDV2/ATLAS-GRID-SIMULATION/util/parser.cpp:810 getJobs] Skipping invalid row: 905,905,6461233265,2024-12-31 05:13:57,2024-12-31 05:14:44,2024-12-31 05:15:56,,0,2000,finished,user.lwickrem.v21_fullTT_wSys_new_v2.R_0L_e_Resolved_G_D.ZtautauB_Sh2211/,20,NET2_Amherst,1.0,72.0,47.0,0.2777777777777778,panda.1231051355.897679.lib._42750837,NET2_Amherst/MCORE_LOMEM,,,1,,,1,376557101,0,0,0,0,0,0|0|32|40|0|4
2025-04-09 18:47:36.732 [warning] [/home/sairam/ATLASGRIDV2/ATLAS-GRID-SIMULATION/util/parser.cpp:811 getJobs] Reason: stoi
2025-04-09 18:47:36.732 [warning] [/home/sairam/ATLASGRIDV2/ATLAS-GRID-SIMULATION/util/parser.cpp:810 getJobs] Skipping invalid row: 1469,1469,6461257330,2024-12-31 05:40:27,2024-12-31 05:41:14,2024-12-31 05:42:38,,0,2000,finished,user.lwickrem.v21_fullTT_wSys_new_v2.R_0L_a_Resolved_G_D.Wtaunu_Sh2211_METfilt/,25,NET2_Amherst,1.0,84.0,47.0,0.2976190476190476,panda.1231054026.694646.lib._42750948,NET2_Amherst/MCORE_LOMEM,,,1,,,1,376550110,0,0,0,0,0,0|0|42|42|0|7
2025-04-09 18:47:36.732 [warning] [/home/sairam/ATLASGRIDV2/ATLAS-GRID-SIMULATION/util/parser.cpp:811 getJobs] Reason: stoi
2025-04-09 18:47:36.732 [warning] [/home/sairam/ATLASGRIDV2/ATLAS-GRID-SIMULATION/util/parser.cpp:810 getJobs] Skipping invalid row: 1675,1675,6461434977,2024-12-31 10:03:12,2024-12-31 10:04:35,2024-12-31 10:05:52,,0,2000,finished,user.lwickrem.v21_fullTT_wSys_new_v2.R_0L_e_SimpleMerge400_G_G.ZtautauB_Sh2211/,24,NET2_Amherst,1.0,77.0,83.0,0.3116883116883117,panda.1231100311.164261.lib._42751491,NET2_Amherst/MCORE_LOMEM,,,1,,,1,376558382,0,0,0,0,0,0|0|35|42|0|5
2025-04-09 18:47:36.732 [warning] [/home/sairam/ATLASGRIDV2/ATLAS-GRID-SIMULATION/util/parser.cpp:811 getJobs] Reason: stoi
2025-04-09 18:47:36.732 [warning] [/home/sairam/ATLASGRIDV2/ATLAS-GRID-SIMULATION/util/parser.cpp:810 getJobs] Skipping invalid row: 1865,1865,6461388057,2024-12-31 09:00:48,2024-12-31 09:01:11,2024-12-31 09:02:26,,0,2000,finished,user.lwickrem.v21_fullTT_wSys_new_v2.R_0L_d_SimpleMerge400_G_G.ZtautauB_Sh2211/,21,NET2_Amherst,1.0,75.0,23.0,0.28,panda.1231090047.351665.lib._42751493,NET2_Amherst/MCORE_LOMEM,,,1,,,1,376553227,0,0,0,0,0,0|0|31|42|0|4
2025-04-09 18:47:36.732 [warning] [/home/sairam/ATLASGRIDV2/ATLAS-GRID-SIMULATION/util/parser.cpp:811 getJobs] Reason: stoi
2025-04-09 18:47:36.733 [warning] [/home/sairam/ATLASGRIDV2/ATLAS-GRID-SIMULATION/util/parser.cpp:810 getJobs] Skipping invalid row: 2141,2141,6461156278,2024-12-31 03:27:21,2024-12-31 03:30:01,2024-12-31 03:31:18,,0,2000,finished,user.lwickrem.v21_fullTT_wSys_new_v2.R_0L_d_Resolved_G_D.ZeeL_Sh2211/,21,NET2_Amherst,1.0,77.0,160.0,0.2727272727272727,panda.1231032719.970928.lib._42750839,NET2_Amherst/MCORE_LOMEM,,,1,,,1,376549836,0,0,0,0,0,0|0|33|42|3|4
2025-04-09 18:47:36.733 [warning] [/home/sairam/ATLASGRIDV2/ATLAS-GRID-SIMULATION/util/parser.cpp:811 getJobs] Reason: stoi
2025-04-09 18:47:36.733 [warning] [/home/sairam/ATLASGRIDV2/ATLAS-GRID-SIMULATION/util/parser.cpp:810 getJobs] Skipping invalid row: 2149,2149,6461158053,2024-12-31 03:30:17,2024-12-31 03:32:03,2024-12-31 03:33:18,,0,2000,finished,user.lwickrem.v21_fullTT_wSys_new_v2.R_0L_a_Resolved_G_D.WmunuC_Sh2211/,21,NET2_Amherst,1.0,75.0,106.0,0.28,panda.1231033015.384816.lib._42750803,NET2_Amherst/MCORE_LOMEM,,,1,,,1,376550110,0,0,0,0,0,0|0|32|41|0|4
2025-04-09 18:47:36.733 [warning] [/home/sairam/ATLASGRIDV2/ATLAS-GRID-SIMULATION/util/parser.cpp:811 getJobs] Reason: stoi
2025-04-09 18:47:36.733 [warning] [/home/sairam/ATLASGRIDV2/ATLAS-GRID-SIMULATION/util/parser.cpp:810 getJobs] Skipping invalid row: 2574,2574,6461177633,2024-12-31 03:51:24,2024-12-31 03:51:49,2024-12-31 03:53:02,,0,2000,finished,user.lwickrem.v21_fullTT_wSys_new_v2.R_0L_a_SimpleMerge400_G_G.WmunuB_Sh2211/,20,NET2_Amherst,1.0,73.0,25.0,0.273972602739726,panda.1231035123.280914.lib._42751432,NET2_Amherst/MCORE,,,1,,,1,376549068,0,0,0,0,0,0|0|32|40|0|4
2025-04-09 18:47:36.733 [warning] [/home/sairam/ATLASGRIDV2/ATLAS-GRID-SIMULATION/util/parser.cpp:811 getJobs] Reason: stoi
2025-04-09 18:47:36.733 [warning] [/home/sairam/ATLASGRIDV2/ATLAS-GRID-SIMULATION/util/parser.cpp:810 getJobs] Skipping invalid row: 3752,3752,6461301524,2024-12-31 06:54:02,2024-12-31 06:57:14,2024-12-31 06:58:33,,0,2000,finished,user.lwickrem.v21_fullTT_wSys_new_v2.R_0L_a_Resolved_G_D.ZnunuL_Sh2211/,23,NET2_Amherst,1.0,79.0,192.0,0.2911392405063291,panda.1231065401.26638.lib._42750967,NET2_Amherst/MCORE_LOMEM,,,1,,,1,376550110,0,0,0,0,0,0|0|39|42|2|4
2025-04-09 18:47:36.733 [warning] [/home/sairam/ATLASGRIDV2/ATLAS-GRID-SIMULATION/util/parser.cpp:811 getJobs] Reason: stoi
2025-04-09 18:47:36.733 [warning] [/home/sairam/ATLASGRIDV2/ATLAS-GRID-SIMULATION/util/parser.cpp:810 getJobs] Skipping invalid row: 4778,4778,6461077510,2024-12-31 01:57:47,2024-12-31 02:00:39,2024-12-31 02:01:53,,0,2000,finished,user.lwickrem.v21_fullTT_wSys_new_v2.R_0L_a_Resolved_G_D.WmunuB_Sh2211/,22,NET2_Amherst,1.0,74.0,172.0,0.2972972972972973,panda.1231015746.306018.lib._42750789,NET2_Amherst/MCORE,,,1,,,1,376550110,0,0,0,0,0,0|0|33|42|2|4
2025-04-09 18:47:36.733 [warning] [/home/sairam/ATLASGRIDV2/ATLAS-GRID-SIMULATION/util/parser.cpp:811 getJobs] Reason: stoi
2025-04-09 18:47:36.733 [warning] [/home/sairam/ATLASGRIDV2/ATLAS-GRID-SIMULATION/util/parser.cpp:810 getJobs] Skipping invalid row: 4880,4880,6461083875,2024-12-31 02:05:20,2024-12-31 02:06:43,2024-12-31 02:08:02,,0,2000,finished,user.lwickrem.v21_fullTT_wSys_new_v2.R_0L_d_Resolved_G_D.Wtaunu_Sh2211_METfilt/,24,NET2_Amherst,1.0,79.0,83.0,0.3037974683544304,panda.1231020519.369729.lib._42750936,NET2_Amherst/MCORE,,,1,,,1,376549836,0,0,0,0,0,0|0|34|45|0|4
2025-04-09 18:47:36.733 [warning] [/home/sairam/ATLASGRIDV2/ATLAS-GRID-SIMULATION/util/parser.cpp:811 getJobs] Reason: stoi
2025-04-09 18:47:36.733 [warning] [/home/sairam/ATLASGRIDV2/ATLAS-GRID-SIMULATION/util/parser.cpp:810 getJobs] Skipping invalid row: 5309,5309,6461380756,2024-12-31 08:49:30,2024-12-31 08:50:07,2024-12-31 08:51:25,,0,2000,finished,user.lwickrem.v21_fullTT_wSys_new_v2.R_0L_e_SimpleMerge400_G_G.WmunuC_Sh2211/,24,NET2_Amherst,1.0,78.0,37.0,0.3076923076923077,panda.1231084929.631012.lib._42751470,NET2_Amherst/MCORE_LOMEM,,,1,,,1,376558382,0,0,0,0,0,0|0|35|42|3|5
2025-04-09 18:47:36.733 [warning] [/home/sairam/ATLASGRIDV2/ATLAS-GRID-SIMULATION/util/parser.cpp:811 getJobs] Reason: stoi
2025-04-09 18:47:36.734 [warning] [/home/sairam/ATLASGRIDV2/ATLAS-GRID-SIMULATION/util/parser.cpp:810 getJobs] Skipping invalid row: 5935,5935,6463292435,2025-01-02 15:46:06,2025-01-02 15:50:20,2025-01-02 15:51:48,,0,2000,finished,user.lwickrem.v21_fullTT_wSys_new_v2.R_0L_e_SimpleMerge400_G_G.ZnunuL_Sh2211_haddhist/,29,NET2_Amherst,1.0,88.0,254.0,0.3295454545454545,panda.0102154604.880765.lib._42751855,NET2_Amherst/MCORE,,,1,,,1,376558382,0,0,0,0,0,0|0|40|48|3|7
2025-04-09 18:47:36.734 [warning] [/home/sairam/ATLASGRIDV2/ATLAS-GRID-SIMULATION/util/parser.cpp:811 getJobs] Reason: stoi
2025-04-09 18:47:36.734 [warning] [/home/sairam/ATLASGRIDV2/ATLAS-GRID-SIMULATION/util/parser.cpp:810 getJobs] Skipping invalid row: 6732,6732,6461474224,2024-12-31 11:07:58,2024-12-31 11:10:12,2024-12-31 11:11:56,,0,2000,finished,user.lwickrem.v21_fullTT_wSys_new_v2.R_0L_a_SimpleMerge400_G_G.WmunuB_Sh2211_haddhist/,31,NET2_Amherst,1.0,104.0,134.0,0.2980769230769231,panda.1231110757.168633.lib._42751648,NET2_Amherst/MCORE,,,1,,,1,376549068,0,0,0,0,0,0|0|41|65|4|6
2025-04-09 18:47:36.734 [warning] [/home/sairam/ATLASGRIDV2/ATLAS-GRID-SIMULATION/util/parser.cpp:811 getJobs] Reason: stoi
2025-04-09 18:47:36.734 [warning] [/home/sairam/ATLASGRIDV2/ATLAS-GRID-SIMULATION/util/parser.cpp:810 getJobs] Skipping invalid row: 8308,8308,6461434229,2024-12-31 10:02:21,2024-12-31 10:02:53,2024-12-31 10:04:10,,0,2000,finished,user.lwickrem.v21_fullTT_wSys_new_v2.R_0L_e_SimpleMerge400_G_G.ZtautauB_Sh2211/,24,NET2_Amherst,1.0,77.0,32.0,0.3116883116883117,panda.1231100220.979691.lib._42751491,NET2_Amherst/MCORE_LOMEM,,,1,,,1,376558382,0,0,0,0,0,0|0|35|43|61|5
2025-04-09 18:47:36.734 [warning] [/home/sairam/ATLASGRIDV2/ATLAS-GRID-SIMULATION/util/parser.cpp:811 getJobs] Reason: stoi
2025-04-09 18:47:36.734 [warning] [/home/sairam/ATLASGRIDV2/ATLAS-GRID-SIMULATION/util/parser.cpp:810 getJobs] Skipping invalid row: 8318,8318,6461441662,2024-12-31 10:10:25,2024-12-31 10:12:37,2024-12-31 10:13:54,,0,2000,finished,user.lwickrem.v21_fullTT_wSys_new_v2.R_0L_e_SimpleMerge400_G_G.WmunuL_Sh2211/,25,NET2_Amherst,1.0,77.0,132.0,0.3246753246753247,panda.1231101023.477343.lib._42751479,NET2_Amherst/MCORE_LOMEM,,,1,,,1,376558382,0,0,0,0,0,0|0|34|43|2|5
2025-04-09 18:47:36.734 [warning] [/home/sairam/ATLASGRIDV2/ATLAS-GRID-SIMULATION/util/parser.cpp:811 getJobs] Reason: stoi
2025-04-09 18:47:36.734 [warning] [/home/sairam/ATLASGRIDV2/ATLAS-GRID-SIMULATION/util/parser.cpp:810 getJobs] Skipping invalid row: 9012,9012,6461627398,2024-12-31 14:18:51,2024-12-31 14:19:23,2024-12-31 14:20:59,,0,2000,finished,user.lwickrem.v21_fullTT_wSys_new_v2.R_0L_e_SimpleMerge400_G_G.ZtautauB_Sh2211_haddhist/,25,NET2_Amherst,1.0,96.0,32.0,0.2604166666666667,panda.1231141850.254375.lib._42751726,NET2_Amherst/MCORE,,,1,,,1,376558382,0,0,0,0,0,0|0|47|47|0|5
2025-04-09 18:47:36.734 [warning] [/home/sairam/ATLASGRIDV2/ATLAS-GRID-SIMULATION/util/parser.cpp:811 getJobs] Reason: stoi
2025-04-09 18:47:36.734 [warning] [/home/sairam/ATLASGRIDV2/ATLAS-GRID-SIMULATION/util/parser.cpp:810 getJobs] Skipping invalid row: 10153,10153,6461379869,2024-12-31 08:48:16,2024-12-31 08:50:01,2024-12-31 08:51:17,,0,2000,finished,user.lwickrem.v21_fullTT_wSys_new_v2.R_0L_e_SimpleMerge400_G_G.WmunuC_Sh2211/,21,NET2_Amherst,1.0,76.0,105.0,0.2763157894736842,panda.1231084815.762934.lib._42751470,NET2_Amherst/MCORE_LOMEM,,,1,,,1,376558382,0,0,0,0,0,0|0|32|42|2|4
2025-04-09 18:47:36.734 [warning] [/home/sairam/ATLASGRIDV2/ATLAS-GRID-SIMULATION/util/parser.cpp:811 getJobs] Reason: stoi
2025-04-09 18:47:36.734 [warning] [/home/sairam/ATLASGRIDV2/ATLAS-GRID-SIMULATION/util/parser.cpp:810 getJobs] Skipping invalid row: 10154,10154,6461380789,2024-12-31 08:49:46,2024-12-31 08:50:38,2024-12-31 08:51:55,,0,2000,finished,user.lwickrem.v21_fullTT_wSys_new_v2.R_0L_e_SimpleMerge400_G_G.WmunuC_Sh2211/,24,NET2_Amherst,1.0,77.0,52.0,0.3116883116883117,panda.1231084945.504491.lib._42751470,NET2_Amherst/MCORE_LOMEM,,,1,,,1,376558382,0,0,0,0,0,0|0|35|43|0|5
2025-04-09 18:47:36.734 [warning] [/home/sairam/ATLASGRIDV2/ATLAS-GRID-SIMULATION/util/parser.cpp:811 getJobs] Reason: stoi
2025-04-09 18:47:36.734 [warning] [/home/sairam/ATLASGRIDV2/ATLAS-GRID-SIMULATION/util/parser.cpp:810 getJobs] Skipping invalid row: 10220,10220,6461150738,2024-12-31 03:20:31,2024-12-31 03:23:12,2024-12-31 03:23:31,,0,2000,finished,user.cleong.mc21_14TeV.900330.PG_single_piplus_E2to5_etaFlatnp0_43.recon.MLTree.e8371_s4383_r15827_v2024.12.30/,13,NET2_Amherst,1.0,19.0,161.0,0.6842105263157895,panda.1231032029.896693.lib._42750798,NET2_Amherst/SCORE_HIMEM,,,1,,,1,3277340,0,0,0,0,0,0|0|14|2|0|6
2025-04-09 18:47:36.735 [warning] [/home/sairam/ATLASGRIDV2/ATLAS-GRID-SIMULATION/util/parser.cpp:811 getJobs] Reason: stoi
2025-04-09 18:47:36.735 [warning] [/home/sairam/ATLASGRIDV2/ATLAS-GRID-SIMULATION/util/parser.cpp:810 getJobs] Skipping invalid row: 10243,10243,6461157604,2024-12-31 03:30:01,2024-12-31 03:30:25,2024-12-31 03:31:41,,0,2000,finished,user.lwickrem.v21_fullTT_wSys_new_v2.R_0L_a_Resolved_G_D.WmunuC_Sh2211/,21,NET2_Amherst,1.0,76.0,24.0,0.2763157894736842,panda.1231032959.954169.lib._42750803,NET2_Amherst/MCORE_LOMEM,,,1,,,1,376550110,0,0,0,0,0,0|0|33|41|0|4
2025-04-09 18:47:36.735 [warning] [/home/sairam/ATLASGRIDV2/ATLAS-GRID-SIMULATION/util/parser.cpp:811 getJobs] Reason: stoi
2025-04-09 18:47:36.735 [warning] [/home/sairam/ATLASGRIDV2/ATLAS-GRID-SIMULATION/util/parser.cpp:810 getJobs] Skipping invalid row: 10263,10263,6461171017,2024-12-31 03:43:00,2024-12-31 03:50:16,2024-12-31 03:51:29,,0,2000,finished,user.lwickrem.v21_fullTT_wSys_new_v2.R_0L_e_Resolved_G_D.ZmumuB_Sh2211/,20,NET2_Amherst,1.0,73.0,436.0,0.273972602739726,panda.1231034259.127445.lib._42750832,NET2_Amherst/MCORE_LOMEM,,,1,,,1,376557101,0,0,0,0,0,0|0|31|42|2|4
2025-04-09 18:47:36.735 [warning] [/home/sairam/ATLASGRIDV2/ATLAS-GRID-SIMULATION/util/parser.cpp:811 getJobs] Reason: stoi
2025-04-09 18:47:36.735 [info] Jobs to be executed: 100
2025-04-09 18:47:36.735 [info] Callbacks attached. Starting job execution...
2025-04-09 18:47:36.735 [info] Simulation starting...
2025-04-09 18:47:36.736 [info] Server started. 100
2025-04-09 18:47:36.736 [info] Job saved to DB: 
2025-04-09 18:47:36.736 [info] Submitting .. 
2025-04-09 18:47:36.737 [info] Job saved to DB: 
2025-04-09 18:47:36.737 [info] Submitting .. 
2025-04-09 18:47:36.738 [info] Job saved to DB: 
2025-04-09 18:47:36.738 [info] Submitting .. 
2025-04-09 18:47:36.739 [info] Job saved to DB: 
2025-04-09 18:47:36.739 [info] Submitting .. 
2025-04-09 18:47:36.740 [info] Job saved to DB: 
2025-04-09 18:47:36.740 [info] Submitting .. 
2025-04-09 18:47:36.740 [info] Job saved to DB: 
2025-04-09 18:47:36.740 [info] Submitting .. 
2025-04-09 18:47:36.741 [info] Job saved to DB: 
2025-04-09 18:47:36.741 [info] Submitting .. 
2025-04-09 18:47:36.742 [info] Job saved to DB: 
2025-04-09 18:47:36.742 [info] Submitting .. 
2025-04-09 18:47:36.743 [info] Job saved to DB: 
2025-04-09 18:47:36.743 [info] Submitting .. 
2025-04-09 18:47:36.744 [info] Job saved to DB: 
2025-04-09 18:47:36.745 [info] Submitting .. 
2025-04-09 18:47:36.746 [info] Job saved to DB: 
2025-04-09 18:47:36.746 [info] Submitting .. 
2025-04-09 18:47:36.747 [info] Job saved to DB: 
2025-04-09 18:47:36.747 [info] Submitting .. 
2025-04-09 18:47:36.748 [info] Job saved to DB: 
2025-04-09 18:47:36.748 [info] Submitting .. 
2025-04-09 18:47:36.749 [info] Job saved to DB: 
2025-04-09 18:47:36.749 [info] Submitting .. 
2025-04-09 18:47:36.749 [info] Job saved to DB: 
2025-04-09 18:47:36.749 [info] Submitting .. 
2025-04-09 18:47:36.750 [info] Job saved to DB: 
2025-04-09 18:47:36.750 [info] Submitting .. 
2025-04-09 18:47:36.751 [info] Job saved to DB: 
2025-04-09 18:47:36.751 [info] Submitting .. 
2025-04-09 18:47:36.752 [info] Job saved to DB: 
2025-04-09 18:47:36.752 [info] Submitting .. 
2025-04-09 18:47:36.752 [info] Job saved to DB: 
2025-04-09 18:47:36.753 [info] Submitting .. 
2025-04-09 18:47:36.754 [info] Job saved to DB: 
2025-04-09 18:47:36.754 [info] Submitting .. 
2025-04-09 18:47:36.755 [info] Job saved to DB: 
2025-04-09 18:47:36.755 [info] Submitting .. 
2025-04-09 18:47:36.755 [info] Job saved to DB: 
2025-04-09 18:47:36.755 [info] Submitting .. 
2025-04-09 18:47:36.756 [info] Job saved to DB: 
2025-04-09 18:47:36.756 [info] Submitting .. 
2025-04-09 18:47:36.757 [info] Job saved to DB: 
2025-04-09 18:47:36.757 [info] Submitting .. 
2025-04-09 18:47:36.758 [info] Job saved to DB: 
2025-04-09 18:47:36.758 [info] Submitting .. 
2025-04-09 18:47:36.758 [info] Job saved to DB: 
2025-04-09 18:47:36.758 [info] Submitting .. 
2025-04-09 18:47:36.759 [info] Job saved to DB: 
2025-04-09 18:47:36.759 [info] Submitting .. 
2025-04-09 18:47:36.760 [info] Job saved to DB: 
2025-04-09 18:47:36.760 [info] Submitting .. 
2025-04-09 18:47:36.761 [info] Job saved to DB: 
2025-04-09 18:47:36.761 [info] Submitting .. 
2025-04-09 18:47:36.762 [info] Job saved to DB: 
2025-04-09 18:47:36.762 [info] Submitting .. 
2025-04-09 18:47:36.762 [info] Job saved to DB: 
2025-04-09 18:47:36.763 [info] Submitting .. 
2025-04-09 18:47:36.763 [info] Job saved to DB: 
2025-04-09 18:47:36.763 [info] Submitting .. 
2025-04-09 18:47:36.764 [info] Job saved to DB: 
2025-04-09 18:47:36.764 [info] Submitting .. 
2025-04-09 18:47:36.764 [info] Job saved to DB: 
2025-04-09 18:47:36.764 [info] Submitting .. 
2025-04-09 18:47:36.765 [info] Job saved to DB: 
2025-04-09 18:47:36.765 [info] Submitting .. 
2025-04-09 18:47:36.766 [info] Job saved to DB: 
2025-04-09 18:47:36.766 [info] Submitting .. 
2025-04-09 18:47:36.767 [info] Job saved to DB: 
2025-04-09 18:47:36.767 [info] Submitting .. 
2025-04-09 18:47:36.768 [info] Job saved to DB: 
2025-04-09 18:47:36.768 [info] Submitting .. 
2025-04-09 18:47:36.768 [info] Job saved to DB: 
2025-04-09 18:47:36.768 [info] Submitting .. 
2025-04-09 18:47:36.769 [info] Job saved to DB: 
2025-04-09 18:47:36.769 [info] Submitting .. 
2025-04-09 18:47:36.769 [info] Job saved to DB: 
2025-04-09 18:47:36.769 [info] Submitting .. 
2025-04-09 18:47:36.770 [info] Job saved to DB: 
2025-04-09 18:47:36.770 [info] Submitting .. 
2025-04-09 18:47:36.771 [info] Job saved to DB: 
2025-04-09 18:47:36.771 [info] Submitting .. 
2025-04-09 18:47:36.772 [info] Job saved to DB: 
2025-04-09 18:47:36.772 [info] Submitting .. 
2025-04-09 18:47:36.772 [info] Job saved to DB: 
2025-04-09 18:47:36.772 [info] Submitting .. 
2025-04-09 18:47:36.773 [info] Job saved to DB: 
2025-04-09 18:47:36.773 [info] Submitting .. 
2025-04-09 18:47:36.773 [info] Job saved to DB: 
2025-04-09 18:47:36.773 [info] Submitting .. 
2025-04-09 18:47:36.776 [info] Job saved to DB: 
2025-04-09 18:47:36.776 [info] Submitting .. 
2025-04-09 18:47:36.777 [info] Job saved to DB: 
2025-04-09 18:47:36.777 [info] Submitting .. 
2025-04-09 18:47:36.778 [info] Job saved to DB: 
2025-04-09 18:47:36.778 [info] Submitting .. 
2025-04-09 18:47:36.779 [info] Job saved to DB: 
2025-04-09 18:47:36.779 [info] Submitting .. 
2025-04-09 18:47:36.779 [info] Job saved to DB: 
2025-04-09 18:47:36.779 [info] Submitting .. 
2025-04-09 18:47:36.782 [info] Job saved to DB: 
2025-04-09 18:47:36.782 [info] Submitting .. 
2025-04-09 18:47:36.782 [info] Job saved to DB: 
2025-04-09 18:47:36.782 [info] Submitting .. 
2025-04-09 18:47:36.783 [info] Job saved to DB: 
2025-04-09 18:47:36.783 [info] Submitting .. 
2025-04-09 18:47:36.784 [info] Job saved to DB: 
2025-04-09 18:47:36.784 [info] Submitting .. 
2025-04-09 18:47:36.785 [info] Job saved to DB: 
2025-04-09 18:47:36.785 [info] Submitting .. 
2025-04-09 18:47:36.786 [info] Job saved to DB: 
2025-04-09 18:47:36.786 [info] Submitting .. 
2025-04-09 18:47:36.787 [info] Job saved to DB: 
2025-04-09 18:47:36.787 [info] Submitting .. 
2025-04-09 18:47:36.790 [info] Job saved to DB: 
2025-04-09 18:47:36.790 [info] Submitting .. 
2025-04-09 18:47:36.791 [info] Job saved to DB: 
2025-04-09 18:47:36.791 [info] Submitting .. 
2025-04-09 18:47:36.792 [info] Job saved to DB: 
2025-04-09 18:47:36.792 [info] Submitting .. 
2025-04-09 18:47:36.793 [info] Job saved to DB: 
2025-04-09 18:47:36.793 [info] Submitting .. 
2025-04-09 18:47:36.793 [info] Job saved to DB: 
2025-04-09 18:47:36.793 [info] Submitting .. 
2025-04-09 18:47:36.794 [info] Job saved to DB: 
2025-04-09 18:47:36.794 [info] Submitting .. 
2025-04-09 18:47:36.794 [info] Job saved to DB: 
2025-04-09 18:47:36.794 [info] Submitting .. 
2025-04-09 18:47:36.796 [info] Job saved to DB: 
2025-04-09 18:47:36.796 [info] Submitting .. 
2025-04-09 18:47:36.797 [info] Job saved to DB: 
2025-04-09 18:47:36.797 [info] Submitting .. 
2025-04-09 18:47:36.797 [info] Job saved to DB: 
2025-04-09 18:47:36.797 [info] Submitting .. 
2025-04-09 18:47:36.798 [info] Job saved to DB: 
2025-04-09 18:47:36.798 [info] Submitting .. 
2025-04-09 18:47:36.799 [info] Job saved to DB: 
2025-04-09 18:47:36.799 [info] Submitting .. 
2025-04-09 18:47:36.800 [info] Job saved to DB: 
2025-04-09 18:47:36.800 [info] Submitting .. 
2025-04-09 18:47:36.801 [info] Job saved to DB: 
2025-04-09 18:47:36.801 [info] Submitting .. 
2025-04-09 18:47:36.802 [info] Job saved to DB: 
2025-04-09 18:47:36.802 [info] Submitting .. 
2025-04-09 18:47:36.802 [info] Job saved to DB: 
2025-04-09 18:47:36.802 [info] Submitting .. 
2025-04-09 18:47:36.803 [info] Job saved to DB: 
2025-04-09 18:47:36.803 [info] Submitting .. 
2025-04-09 18:47:36.806 [info] Job saved to DB: 
2025-04-09 18:47:36.806 [info] Submitting .. 
2025-04-09 18:47:36.808 [info] Job saved to DB: 
2025-04-09 18:47:36.808 [info] Submitting .. 
2025-04-09 18:47:36.809 [info] Job saved to DB: 
2025-04-09 18:47:36.809 [info] Submitting .. 
2025-04-09 18:47:36.809 [info] Job saved to DB: 
2025-04-09 18:47:36.809 [info] Submitting .. 
2025-04-09 18:47:36.810 [info] Job saved to DB: 
2025-04-09 18:47:36.810 [info] Submitting .. 
2025-04-09 18:47:36.810 [info] Job saved to DB: 
2025-04-09 18:47:36.810 [info] Submitting .. 
2025-04-09 18:47:36.812 [info] Job saved to DB: 
2025-04-09 18:47:36.812 [info] Submitting .. 
2025-04-09 18:47:36.813 [info] Job saved to DB: 
2025-04-09 18:47:36.813 [info] Submitting .. 
2025-04-09 18:47:36.814 [info] Job saved to DB: 
2025-04-09 18:47:36.814 [info] Submitting .. 
2025-04-09 18:47:36.814 [info] Job saved to DB: 
2025-04-09 18:47:36.814 [info] Submitting .. 
2025-04-09 18:47:36.815 [info] Job saved to DB: 
2025-04-09 18:47:36.815 [info] Submitting .. 
2025-04-09 18:47:36.816 [info] Job saved to DB: 
2025-04-09 18:47:36.816 [info] Submitting .. 
2025-04-09 18:47:36.817 [info] Job saved to DB: 
2025-04-09 18:47:36.817 [info] Submitting .. 
2025-04-09 18:47:36.817 [info] Job saved to DB: 
2025-04-09 18:47:36.817 [info] Submitting .. 
2025-04-09 18:47:36.818 [info] Job saved to DB: 
2025-04-09 18:47:36.818 [info] Submitting .. 
2025-04-09 18:47:36.819 [info] Job saved to DB: 
2025-04-09 18:47:36.819 [info] Submitting .. 
2025-04-09 18:47:36.820 [info] Job saved to DB: 
2025-04-09 18:47:36.820 [info] Submitting .. 
2025-04-09 18:47:36.820 [info] Job saved to DB: 
2025-04-09 18:47:36.821 [info] Submitting .. 
2025-04-09 18:47:36.821 [info] Job saved to DB: 
2025-04-09 18:47:36.822 [info] Submitting .. 
2025-04-09 18:47:36.822 [info] Job saved to DB: 
2025-04-09 18:47:36.823 [info] Submitting .. 
2025-04-09 18:47:36.823 [info] Job saved to DB: 
2025-04-09 18:47:36.823 [info] Submitting .. 
2025-04-09 18:47:36.824 [info] Job saved to DB: 
2025-04-09 18:47:36.824 [info] Submitting .. 
2025-04-09 18:47:36.827 [info] Job saved to DB: 
2025-04-09 18:47:36.827 [info] Submitting .. 
2025-04-09 18:47:36.828 [info] Job saved to DB: 
2025-04-09 18:47:36.828 [info] Submitting .. 
2025-04-09 18:47:36.831 [info] Waiting for all job activities to complete...
2025-04-09 18:47:36.836 [info] All job activities completed.
2025-04-09 18:47:36.839 [info] Updating finished job ID: 6462152489
2025-04-09 18:47:36.839 [info] Updating finished job ID: 6462152488
2025-04-09 18:47:36.840 [info] Updating finished job ID: 6461193668
2025-04-09 18:47:36.840 [info] Updating finished job ID: 6462152482
2025-04-09 18:47:36.840 [info] Updating finished job ID: 6462152481
2025-04-09 18:47:36.841 [info] Updating finished job ID: 6462152484
2025-04-09 18:47:36.841 [info] Updating finished job ID: 6462152502
2025-04-09 18:47:36.841 [info] Updating finished job ID: 6462152499
2025-04-09 18:47:36.842 [info] Updating finished job ID: 6462152490
2025-04-09 18:47:36.842 [info] Updating finished job ID: 6461180174
2025-04-09 18:47:36.842 [info] Updating finished job ID: 6461379871
2025-04-09 18:47:36.843 [info] Updating finished job ID: 6462879841
2025-04-09 18:47:36.843 [info] Updating finished job ID: 6462879829
2025-04-09 18:47:36.843 [info] Updating finished job ID: 6462879824
2025-04-09 18:47:36.844 [info] Updating finished job ID: 6461342743
2025-04-09 18:47:36.844 [info] Updating finished job ID: 6461174966
2025-04-09 18:47:36.845 [info] Updating finished job ID: 6461155267
2025-04-09 18:47:36.846 [info] Updating finished job ID: 6461085265
2025-04-09 18:47:36.846 [info] Updating finished job ID: 6461075313
2025-04-09 18:47:36.846 [info] Updating finished job ID: 6461291264
2025-04-09 18:47:36.847 [info] Updating finished job ID: 6461083876
2025-04-09 18:47:36.847 [info] Updating finished job ID: 6461085261
2025-04-09 18:47:36.847 [info] Updating finished job ID: 6461217959
2025-04-09 18:47:36.848 [info] Updating finished job ID: 6461257979
2025-04-09 18:47:36.848 [info] Updating finished job ID: 6461388058
2025-04-09 18:47:36.848 [info] Updating finished job ID: 6461304654
2025-04-09 18:47:36.849 [info] Updating finished job ID: 6461379870
2025-04-09 18:47:36.849 [info] Updating finished job ID: 6461453309
2025-04-09 18:47:36.850 [info] Updating finished job ID: 6461085221
2025-04-09 18:47:36.850 [info] Updating finished job ID: 6461185799
2025-04-09 18:47:36.850 [info] Updating finished job ID: 6461342741
2025-04-09 18:47:36.850 [info] Updating finished job ID: 6461342738
2025-04-09 18:47:36.851 [info] Updating finished job ID: 6461474245
2025-04-09 18:47:36.851 [info] Updating finished job ID: 6461185800
2025-04-09 18:47:36.851 [info] Updating finished job ID: 6461185798
2025-04-09 18:47:36.852 [info] Updating finished job ID: 6461185795
2025-04-09 18:47:36.852 [info] Updating finished job ID: 6461203563
2025-04-09 18:47:36.852 [info] Updating finished job ID: 6461315763
2025-04-09 18:47:36.852 [info] Updating finished job ID: 6461380758
2025-04-09 18:47:36.852 [info] Updating finished job ID: 6461165362
2025-04-09 18:47:36.853 [info] Updating finished job ID: 6461346196
2025-04-09 18:47:36.853 [info] Updating finished job ID: 6461251577
2025-04-09 18:47:36.853 [info] Updating finished job ID: 6461185437
2025-04-09 18:47:36.853 [info] Updating finished job ID: 6461380796
2025-04-09 18:47:36.853 [info] Updating finished job ID: 6461342734
2025-04-09 18:47:36.854 [info] Updating finished job ID: 6461380162
2025-04-09 18:47:36.854 [info] Updating finished job ID: 6461315766
2025-04-09 18:47:36.854 [info] Updating finished job ID: 6461315765
2025-04-09 18:47:36.854 [info] Updating finished job ID: 6461203568
2025-04-09 18:47:36.854 [info] Updating finished job ID: 6461203564
2025-04-09 18:47:36.854 [info] Updating finished job ID: 6461203560
2025-04-09 18:47:36.855 [info] Updating finished job ID: 6461315768
2025-04-09 18:47:36.855 [info] Updating finished job ID: 6461434978
2025-04-09 18:47:36.855 [info] Updating finished job ID: 6461209288
2025-04-09 18:47:36.856 [info] Updating finished job ID: 6461233267
2025-04-09 18:47:36.856 [info] Updating finished job ID: 6461462746
2025-04-09 18:47:36.856 [info] Updating finished job ID: 6461263666
2025-04-09 18:47:36.856 [info] Updating finished job ID: 6462373223
2025-04-09 18:47:36.857 [info] Updating finished job ID: 6462298748
2025-04-09 18:47:36.857 [info] Updating finished job ID: 6462333759
2025-04-09 18:47:36.857 [info] Updating finished job ID: 6462333750
2025-04-09 18:47:36.857 [info] Updating finished job ID: 6461181943
2025-04-09 18:47:36.858 [info] Updating finished job ID: 6461451154
2025-04-09 18:47:36.858 [info] Updating finished job ID: 6461443902
2025-04-09 18:47:36.858 [info] Updating finished job ID: 6461443283
2025-04-09 18:47:36.858 [info] Updating finished job ID: 6461273895
2025-04-09 18:47:36.858 [info] Updating finished job ID: 6461334762
2025-04-09 18:47:36.859 [info] Updating finished job ID: 6461342737
2025-04-09 18:47:36.861 [info] Updating finished job ID: 6461257332
2025-04-09 18:47:36.862 [info] Updating finished job ID: 6461342732
2025-04-09 18:47:36.862 [info] Updating finished job ID: 6461243234
2025-04-09 18:47:36.862 [info] Updating finished job ID: 6461243232
2025-04-09 18:47:36.862 [info] Updating finished job ID: 6461186163
2025-04-09 18:47:36.863 [info] Updating finished job ID: 6461181949
2025-04-09 18:47:36.863 [info] Updating finished job ID: 6461181947
2025-04-09 18:47:36.863 [info] Updating finished job ID: 6461181946
2025-04-09 18:47:36.864 [info] Updating finished job ID: 6461186041
2025-04-09 18:47:36.864 [info] Updating finished job ID: 6461186165
2025-04-09 18:47:36.865 [info] Updating finished job ID: 6462152479
2025-04-09 18:47:36.865 [info] Updating finished job ID: 6462265987
2025-04-09 18:47:36.865 [info] Updating finished job ID: 6462333746
2025-04-09 18:47:36.865 [info] Updating finished job ID: 6462879842
2025-04-09 18:47:36.866 [info] Updating finished job ID: 6461304972
2025-04-09 18:47:36.866 [info] Updating finished job ID: 6461286552
2025-04-09 18:47:36.866 [info] Updating finished job ID: 6461283719
2025-04-09 18:47:36.867 [info] Updating finished job ID: 6461150741
2025-04-09 18:47:36.867 [info] Updating finished job ID: 6461150740
2025-04-09 18:47:36.867 [info] Updating finished job ID: 6461216351
2025-04-09 18:47:36.867 [info] Updating finished job ID: 6461260637
2025-04-09 18:47:36.868 [info] Updating finished job ID: 6462152483
2025-04-09 18:47:36.868 [info] Updating finished job ID: 6462152480
2025-04-09 18:47:36.868 [info] Updating finished job ID: 6462333763
2025-04-09 18:47:36.868 [info] Updating finished job ID: 6462333762
2025-04-09 18:47:36.869 [info] Updating finished job ID: 6462333753
2025-04-09 18:47:36.869 [info] Updating finished job ID: 6462333749
2025-04-09 18:47:36.869 [info] Updating finished job ID: 6461104507
2025-04-09 18:47:36.869 [info] Updating finished job ID: 6461104506
2025-04-09 18:47:36.869 [info] Updating finished job ID: 6461150746
2025-04-09 18:47:36.870 [info] Updating finished job ID: 6461150743
2025-04-09 18:47:36.870 [info] Updating finished job ID: 6461083878
2025-04-09 18:47:36.870 [info] Simulation finished, SIMULATED TIME: 9163.896107663752
2025-04-09 18:47:36.872 [info] Exported JOBS table to CSV: /home/sairam/ATLASGRIDV2/ATLAS-GRID-SIMULATION/output/NET2_jobs_output_jan_8_9_11.csv
2025-04-09 18:47:36.872 [info] Updating finished job ID: 6462152483
2025-04-09 18:47:36.872 [info] Updating finished job ID: 6462152480
2025-04-09 18:47:36.872 [info] Updating finished job ID: 6462333763
2025-04-09 18:47:36.872 [info] Updating finished job ID: 6462333762
2025-04-09 18:47:36.872 [info] Updating finished job ID: 6462333753
2025-04-09 18:47:36.872 [info] Updating finished job ID: 6462333749
2025-04-09 18:47:36.872 [info] Updating finished job ID: 6461104507
2025-04-09 18:47:36.872 [info] Updating finished job ID: 6461104506
2025-04-09 18:47:36.872 [info] Updating finished job ID: 6461150746
2025-04-09 18:47:36.873 [info] Updating finished job ID: 6461150743
2025-04-09 18:47:36.873 [info] Updating finished job ID: 6461083878
2025-04-09 18:47:36.873 [info] Updating finished job ID: 6461203568
2025-04-09 18:47:36.874 [info] Updating finished job ID: 6461203564
2025-04-09 18:47:36.874 [info] Updating finished job ID: 6461203560
2025-04-09 18:47:36.874 [info] Updating finished job ID: 6461315768
2025-04-09 18:47:36.874 [info] Updating finished job ID: 6461315763
2025-04-09 18:47:36.874 [info] Updating finished job ID: 6461380758
2025-04-09 18:47:36.874 [info] Updating finished job ID: 6461165362
2025-04-09 18:47:36.875 [info] Updating finished job ID: 6461346196
2025-04-09 18:47:36.875 [info] Updating finished job ID: 6461251577
2025-04-09 18:47:36.875 [info] Updating finished job ID: 6461181943
2025-04-09 18:47:36.875 [info] Updating finished job ID: 6461174966
2025-04-09 18:47:36.875 [info] Updating finished job ID: 6461085265
2025-04-09 18:47:36.876 [info] Updating finished job ID: 6461085221
2025-04-09 18:47:36.876 [info] Updating finished job ID: 6461451154
2025-04-09 18:47:36.876 [info] Updating finished job ID: 6461443902
2025-04-09 18:47:36.877 [info] Updating finished job ID: 6461443283
2025-04-09 18:47:36.877 [info] Updating finished job ID: 6461185799
2025-04-09 18:47:36.877 [info] Updating finished job ID: 6461273895
2025-04-09 18:47:36.877 [info] Updating finished job ID: 6461334762
2025-04-09 18:47:36.877 [info] Updating finished job ID: 6461304654
2025-04-09 18:47:36.878 [info] Updating finished job ID: 6461453309
2025-04-09 18:47:36.878 [info] Updating finished job ID: 6461434978
2025-04-09 18:47:36.878 [info] Updating finished job ID: 6461209288
2025-04-09 18:47:36.878 [info] Updating finished job ID: 6461233267
2025-04-09 18:47:36.878 [info] Updating finished job ID: 6461217959
2025-04-09 18:47:36.879 [info] Updating finished job ID: 6461257979
2025-04-09 18:47:36.879 [info] Updating finished job ID: 6461388058
2025-04-09 18:47:36.879 [info] Updating finished job ID: 6461462746
2025-04-09 18:47:36.879 [info] Updating finished job ID: 6461379870
2025-04-09 18:47:36.879 [info] Updating finished job ID: 6461342737
2025-04-09 18:47:36.880 [info] Updating finished job ID: 6461342732
2025-04-09 18:47:36.880 [info] Updating finished job ID: 6461263666
2025-04-09 18:47:36.880 [info] Updating finished job ID: 6461243234
2025-04-09 18:47:36.880 [info] Updating finished job ID: 6461243232
2025-04-09 18:47:36.880 [info] Updating finished job ID: 6462373223
2025-04-09 18:47:36.880 [info] Updating finished job ID: 6462152484
2025-04-09 18:47:36.881 [info] Updating finished job ID: 6462152502
2025-04-09 18:47:36.881 [info] Updating finished job ID: 6462152499
2025-04-09 18:47:36.881 [info] Updating finished job ID: 6462152490
2025-04-09 18:47:36.881 [info] Updating finished job ID: 6462152489
2025-04-09 18:47:36.881 [info] Updating finished job ID: 6462152488
2025-04-09 18:47:36.881 [info] Updating finished job ID: 6462152482
2025-04-09 18:47:36.881 [info] Updating finished job ID: 6462152481
2025-04-09 18:47:36.881 [info] Updating finished job ID: 6462152479
2025-04-09 18:47:36.881 [info] Updating finished job ID: 6462298748
2025-04-09 18:47:36.881 [info] Updating finished job ID: 6462265987
2025-04-09 18:47:36.881 [info] Updating finished job ID: 6462333759
2025-04-09 18:47:36.881 [info] Updating finished job ID: 6462333750
2025-04-09 18:47:36.881 [info] Updating finished job ID: 6462333746
2025-04-09 18:47:36.881 [info] Updating finished job ID: 6462879842
2025-04-09 18:47:36.881 [info] Updating finished job ID: 6462879841
2025-04-09 18:47:36.882 [info] Updating finished job ID: 6462879829
2025-04-09 18:47:36.882 [info] Updating finished job ID: 6462879824
2025-04-09 18:47:36.882 [info] Updating finished job ID: 6461083876
2025-04-09 18:47:36.882 [info] Updating finished job ID: 6461075313
2025-04-09 18:47:36.882 [info] Updating finished job ID: 6461304972
2025-04-09 18:47:36.883 [info] Updating finished job ID: 6461291264
2025-04-09 18:47:36.883 [info] Updating finished job ID: 6461185800
2025-04-09 18:47:36.883 [info] Updating finished job ID: 6461185798
2025-04-09 18:47:36.883 [info] Updating finished job ID: 6461185795
2025-04-09 18:47:36.883 [info] Updating finished job ID: 6461286552
2025-04-09 18:47:36.883 [info] Updating finished job ID: 6461283719
2025-04-09 18:47:36.884 [info] Updating finished job ID: 6461203563
2025-04-09 18:47:36.884 [info] Updating finished job ID: 6461185437
2025-04-09 18:47:36.887 [info] Updating finished job ID: 6461150741
2025-04-09 18:47:36.887 [info] Updating finished job ID: 6461150740
2025-04-09 18:47:36.887 [info] Updating finished job ID: 6461380796
2025-04-09 18:47:36.887 [info] Updating finished job ID: 6461379871
2025-04-09 18:47:36.887 [info] Updating finished job ID: 6461342743
2025-04-09 18:47:36.888 [info] Updating finished job ID: 6461342741
2025-04-09 18:47:36.888 [info] Updating finished job ID: 6461342738
2025-04-09 18:47:36.888 [info] Updating finished job ID: 6461342734
2025-04-09 18:47:36.888 [info] Updating finished job ID: 6461380162
2025-04-09 18:47:36.888 [info] Updating finished job ID: 6461315766
2025-04-09 18:47:36.888 [info] Updating finished job ID: 6461315765
2025-04-09 18:47:36.889 [info] Updating finished job ID: 6461474245
2025-04-09 18:47:36.889 [info] Updating finished job ID: 6461257332
2025-04-09 18:47:36.889 [info] Updating finished job ID: 6461186041
2025-04-09 18:47:36.889 [info] Updating finished job ID: 6461216351
2025-04-09 18:47:36.889 [info] Updating finished job ID: 6461186165
2025-04-09 18:47:36.889 [info] Updating finished job ID: 6461186163
2025-04-09 18:47:36.890 [info] Updating finished job ID: 6461260637
2025-04-09 18:47:36.890 [info] Updating finished job ID: 6461181949
2025-04-09 18:47:36.890 [info] Updating finished job ID: 6461181947
2025-04-09 18:47:36.890 [info] Updating finished job ID: 6461181946
2025-04-09 18:47:36.891 [info] Updating finished job ID: 6461193668
2025-04-09 18:47:36.891 [info] Updating finished job ID: 6461180174
2025-04-09 18:47:36.891 [info] Updating finished job ID: 6461155267
2025-04-09 18:47:36.891 [info] Updating finished job ID: 6461085261
2025-04-09 18:47:36.891 [info] SimATLAS version: 2.0.0
